#
# There is insufficient memory for the Java Runtime Environment to continue.
# Native memory allocation (malloc) failed to allocate 883808 bytes for Chunk::new
# Possible reasons:
#   The system is out of physical RAM or swap space
#   In 32 bit mode, the process size limit was hit
# Possible solutions:
#   Reduce memory load on the system
#   Increase physical memory or swap space
#   Check if swap backing store is full
#   Use 64 bit Java on a 64 bit OS
#   Decrease Java heap size (-Xmx/-Xms)
#   Decrease number of Java threads
#   Decrease Java thread stack sizes (-Xss)
#   Set larger code cache with -XX:ReservedCodeCacheSize=
# This output file may be truncated or incomplete.
#
#  Out of Memory Error (allocation.cpp:390), pid=5628, tid=0x0000000000003230
#
# JRE version: Java(TM) SE Runtime Environment (8.0_151-b12) (build 1.8.0_151-b12)
# Java VM: Java HotSpot(TM) 64-Bit Server VM (25.151-b12 mixed mode windows-amd64 compressed oops)
# Failed to write core dump. Minidumps are not enabled by default on client versions of Windows
#

---------------  T H R E A D  ---------------

Current thread (0x0000000017310000):  JavaThread "C2 CompilerThread0" daemon [_thread_in_native, id=12848, stack(0x0000000018270000,0x0000000018370000)]

Stack: [0x0000000018270000,0x0000000018370000]
[error occurred during error reporting (printing stack bounds), id 0xc0000005]

Native frames: (J=compiled Java code, j=interpreted, Vv=VM code, C=native code)


Current CompileTask:
C2:40358809 7521   !   4       org.apache.catalina.core.ContainerBase$ContainerBackgroundProcessor::processChildren (185 bytes)


---------------  P R O C E S S  ---------------

Java Threads: ( => current thread )
  0x000000001aae3000 JavaThread "http-nio-8080-exec-10" daemon [_thread_blocked, id=6892, stack(0x0000000023420000,0x0000000023520000)]
  0x0000000019ce5800 JavaThread "http-nio-8080-exec-9" daemon [_thread_blocked, id=10156, stack(0x0000000023320000,0x0000000023420000)]
  0x0000000019ce2800 JavaThread "http-nio-8080-exec-8" daemon [_thread_blocked, id=10192, stack(0x0000000023220000,0x0000000023320000)]
  0x000000001b6b9000 JavaThread "http-nio-8080-exec-7" daemon [_thread_blocked, id=17404, stack(0x0000000023120000,0x0000000023220000)]
  0x000000001b6b7000 JavaThread "http-nio-8080-exec-6" daemon [_thread_blocked, id=12212, stack(0x0000000023020000,0x0000000023120000)]
  0x000000001b6b8800 JavaThread "http-nio-8080-exec-5" daemon [_thread_blocked, id=15852, stack(0x0000000022f20000,0x0000000023020000)]
  0x000000001b6ba800 JavaThread "http-nio-8080-exec-4" daemon [_thread_blocked, id=5068, stack(0x0000000022e20000,0x0000000022f20000)]
  0x000000001b6ba000 JavaThread "http-nio-8080-exec-3" daemon [_thread_blocked, id=11472, stack(0x0000000021d00000,0x0000000021e00000)]
  0x000000001b6b7800 JavaThread "http-nio-8080-exec-2" daemon [_thread_blocked, id=20952, stack(0x0000000021c00000,0x0000000021d00000)]
  0x000000001b6bb800 JavaThread "http-nio-8080-exec-1" daemon [_thread_blocked, id=20556, stack(0x0000000021b00000,0x0000000021c00000)]
  0x000000001b6bc000 JavaThread "DestroyJavaVM" [_thread_blocked, id=10012, stack(0x00000000027b0000,0x00000000028b0000)]
  0x000000001b6b6000 JavaThread "http-nio-8080-Acceptor-0" daemon [_thread_in_native, id=11872, stack(0x0000000021000000,0x0000000021100000)]
  0x000000001b6b5000 JavaThread "http-nio-8080-ClientPoller-1" daemon [_thread_in_native, id=13664, stack(0x000000001ff30000,0x0000000020030000)]
  0x0000000019ce3000 JavaThread "http-nio-8080-ClientPoller-0" daemon [_thread_in_native, id=18332, stack(0x000000001fe30000,0x000000001ff30000)]
  0x0000000019ce1800 JavaThread "NioBlockingSelector.BlockPoller-1" daemon [_thread_in_native, id=16808, stack(0x000000001fd30000,0x000000001fe30000)]
  0x0000000019cdf000 JavaThread "container-0" [_thread_blocked, id=5520, stack(0x000000001fa30000,0x000000001fb30000)]
  0x0000000019ce4800 JavaThread "ContainerBackgroundProcessor[StandardEngine[Tomcat].StandardHost[localhost].StandardContext[]]" daemon [_thread_blocked, id=20220, stack(0x000000001f930000,0x000000001fa30000)]
  0x0000000019ce1000 JavaThread "oracle.jdbc.driver.BlockSource.ThreadedCachingBlockSource.BlockReleaser" daemon [_thread_blocked, id=21312, stack(0x000000001e3c0000,0x000000001e4c0000)]
  0x0000000019ce0000 JavaThread "Tomcat JDBC Pool Cleaner[1984697014:1554366001388]" daemon [_thread_blocked, id=14668, stack(0x000000001e0c0000,0x000000001e1c0000)]
  0x0000000019b86800 JavaThread "JMX server connection timeout 16" daemon [_thread_blocked, id=13832, stack(0x000000001ab20000,0x000000001ac20000)]
  0x0000000018fc1000 JavaThread "RMI Scheduler(0)" daemon [_thread_blocked, id=12548, stack(0x0000000019a50000,0x0000000019b50000)]
  0x0000000018fc0000 JavaThread "RMI TCP Connection(idle)" daemon [_thread_blocked, id=3444, stack(0x0000000019950000,0x0000000019a50000)]
  0x0000000018ed8800 JavaThread "RMI TCP Accept-0" daemon [_thread_in_native, id=4712, stack(0x0000000019370000,0x0000000019470000)]
  0x0000000018ebc000 JavaThread "RMI TCP Accept-61521" daemon [_thread_in_native, id=1700, stack(0x0000000019270000,0x0000000019370000)]
  0x0000000018ead800 JavaThread "RMI TCP Accept-0" daemon [_thread_in_native, id=18960, stack(0x0000000019170000,0x0000000019270000)]
  0x00000000183bc000 JavaThread "Service Thread" daemon [_thread_blocked, id=20204, stack(0x0000000018870000,0x0000000018970000)]
  0x000000001838b800 JavaThread "C1 CompilerThread1" daemon [_thread_blocked, id=10612, stack(0x0000000018770000,0x0000000018870000)]
=>0x0000000017310000 JavaThread "C2 CompilerThread0" daemon [_thread_in_native, id=12848, stack(0x0000000018270000,0x0000000018370000)]
  0x000000001730f000 JavaThread "Attach Listener" daemon [_thread_blocked, id=15800, stack(0x0000000018170000,0x0000000018270000)]
  0x000000001730c000 JavaThread "Signal Dispatcher" daemon [_thread_blocked, id=6788, stack(0x0000000018070000,0x0000000018170000)]
  0x0000000017298800 JavaThread "Finalizer" daemon [_thread_blocked, id=13424, stack(0x0000000017ee0000,0x0000000017fe0000)]
  0x00000000029a4000 JavaThread "Reference Handler" daemon [_thread_blocked, id=13640, stack(0x0000000017de0000,0x0000000017ee0000)]

Other Threads:
  0x0000000017277000 VMThread [stack: 0x0000000017ce0000,0x0000000017de0000] [id=21064]
  0x0000000018ed9800 WatcherThread [stack: 0x0000000019470000,0x0000000019570000] [id=10888]

VM state:not at safepoint (normal execution)

VM Mutex/Monitor currently owned by a thread: None

Heap:
 PSYoungGen      total 339456K, used 129093K [0x00000000d5e00000, 0x00000000eff00000, 0x0000000100000000)
  eden space 314880K, 40% used [0x00000000d5e00000,0x00000000ddc11710,0x00000000e9180000)
  from space 24576K, 0% used [0x00000000ead80000,0x00000000ead80000,0x00000000ec580000)
  to   space 28672K, 0% used [0x00000000e9180000,0x00000000e9180000,0x00000000ead80000)
 ParOldGen       total 129024K, used 44267K [0x0000000081a00000, 0x0000000089800000, 0x00000000d5e00000)
  object space 129024K, 34% used [0x0000000081a00000,0x000000008453af10,0x0000000089800000)
 Metaspace       used 65523K, capacity 66218K, committed 66472K, reserved 1107968K
  class space    used 8105K, capacity 8275K, committed 8360K, reserved 1048576K

Card table byte_map: [0x0000000011d70000,0x0000000012170000] byte_map_base: 0x0000000011963000

Marking Bits: (ParMarkBitMap*) 0x0000000075b7d850
 Begin Bits: [0x0000000012620000, 0x00000000145b8000)
 End Bits:   [0x00000000145b8000, 0x0000000016550000)

Polling page: 0x00000000007f0000

CodeCache: size=245760Kb used=23526Kb max_used=23539Kb free=222234Kb
 bounds [0x00000000029b0000, 0x00000000040d0000, 0x00000000119b0000]
 total_blobs=6830 nmethods=6251 adapters=491
 compilation: enabled

Compilation events (10 events):
Event: 36943.940 Thread 0x000000001838b800 nmethod 7516 0x00000000040a9750 code [0x00000000040a98e0, 0x00000000040a9d18]
Event: 37843.942 Thread 0x0000000017310000 7517       4       java.io.Bits::putLong (86 bytes)
Event: 37843.943 Thread 0x0000000017310000 nmethod 7517 0x00000000040c09d0 code [0x00000000040c0b00, 0x00000000040c0c38]
Event: 38618.436 Thread 0x0000000017310000 7518   !   4       org.apache.catalina.core.ContainerBase::findChildren (42 bytes)
Event: 38618.446 Thread 0x0000000017310000 nmethod 7518 0x00000000040c1e90 code [0x00000000040c2020, 0x00000000040c2af8]
Event: 40157.305 Thread 0x0000000017310000 7519       4       java.io.ObjectOutputStream$BlockDataOutputStream::writeUTF (46 bytes)
Event: 40157.310 Thread 0x0000000017310000 nmethod 7519 0x00000000040c6990 code [0x00000000040c6ae0, 0x00000000040c7078]
Event: 40328.462 Thread 0x0000000017310000 7520   !   4       org.apache.catalina.core.ContainerBase::getClusterInternal (38 bytes)
Event: 40328.469 Thread 0x0000000017310000 nmethod 7520 0x00000000040c7610 code [0x00000000040c7800, 0x00000000040c8000]
Event: 40358.462 Thread 0x0000000017310000 7521   !   4       org.apache.catalina.core.ContainerBase$ContainerBackgroundProcessor::processChildren (185 bytes)

GC Heap History (10 events):
Event: 29.620 GC heap before
{Heap before GC invocations=11 (full 2):
 PSYoungGen      total 222208K, used 17914K [0x00000000d5e00000, 0x00000000ea600000, 0x0000000100000000)
  eden space 204288K, 0% used [0x00000000d5e00000,0x00000000d5e00000,0x00000000e2580000)
  from space 17920K, 99% used [0x00000000e2580000,0x00000000e36fe998,0x00000000e3700000)
  to   space 22016K, 0% used [0x00000000e9080000,0x00000000e9080000,0x00000000ea600000)
 ParOldGen       total 58880K, used 26087K [0x0000000081a00000, 0x0000000085380000, 0x00000000d5e00000)
  object space 58880K, 44% used [0x0000000081a00000,0x0000000083379f80,0x0000000085380000)
 Metaspace       used 34972K, capacity 35382K, committed 35496K, reserved 1081344K
  class space    used 4323K, capacity 4493K, committed 4520K, reserved 1048576K
Event: 29.800 GC heap after
Heap after GC invocations=11 (full 2):
 PSYoungGen      total 222208K, used 0K [0x00000000d5e00000, 0x00000000ea600000, 0x0000000100000000)
  eden space 204288K, 0% used [0x00000000d5e00000,0x00000000d5e00000,0x00000000e2580000)
  from space 17920K, 0% used [0x00000000e2580000,0x00000000e2580000,0x00000000e3700000)
  to   space 22016K, 0% used [0x00000000e9080000,0x00000000e9080000,0x00000000ea600000)
 ParOldGen       total 108544K, used 39296K [0x0000000081a00000, 0x0000000088400000, 0x00000000d5e00000)
  object space 108544K, 36% used [0x0000000081a00000,0x0000000084060340,0x0000000088400000)
 Metaspace       used 34972K, capacity 35382K, committed 35496K, reserved 1081344K
  class space    used 4323K, capacity 4493K, committed 4520K, reserved 1048576K
}
Event: 35.616 GC heap before
{Heap before GC invocations=12 (full 2):
 PSYoungGen      total 222208K, used 204288K [0x00000000d5e00000, 0x00000000ea600000, 0x0000000100000000)
  eden space 204288K, 100% used [0x00000000d5e00000,0x00000000e2580000,0x00000000e2580000)
  from space 17920K, 0% used [0x00000000e2580000,0x00000000e2580000,0x00000000e3700000)
  to   space 22016K, 0% used [0x00000000e9080000,0x00000000e9080000,0x00000000ea600000)
 ParOldGen       total 108544K, used 39296K [0x0000000081a00000, 0x0000000088400000, 0x00000000d5e00000)
  object space 108544K, 36% used [0x0000000081a00000,0x0000000084060340,0x0000000088400000)
 Metaspace       used 50014K, capacity 50518K, committed 50728K, reserved 1093632K
  class space    used 6547K, capacity 6685K, committed 6696K, reserved 1048576K
Event: 35.636 GC heap after
Heap after GC invocations=12 (full 2):
 PSYoungGen      total 277504K, used 17503K [0x00000000d5e00000, 0x00000000ea200000, 0x0000000100000000)
  eden space 259584K, 0% used [0x00000000d5e00000,0x00000000d5e00000,0x00000000e5b80000)
  from space 17920K, 97% used [0x00000000e9080000,0x00000000ea197f90,0x00000000ea200000)
  to   space 23040K, 0% used [0x00000000e7500000,0x00000000e7500000,0x00000000e8b80000)
 ParOldGen       total 108544K, used 39304K [0x0000000081a00000, 0x0000000088400000, 0x00000000d5e00000)
  object space 108544K, 36% used [0x0000000081a00000,0x0000000084062340,0x0000000088400000)
 Metaspace       used 50014K, capacity 50518K, committed 50728K, reserved 1093632K
  class space    used 6547K, capacity 6685K, committed 6696K, reserved 1048576K
}
Event: 212.342 GC heap before
{Heap before GC invocations=13 (full 2):
 PSYoungGen      total 277504K, used 277087K [0x00000000d5e00000, 0x00000000ea200000, 0x0000000100000000)
  eden space 259584K, 100% used [0x00000000d5e00000,0x00000000e5b80000,0x00000000e5b80000)
  from space 17920K, 97% used [0x00000000e9080000,0x00000000ea197f90,0x00000000ea200000)
  to   space 23040K, 0% used [0x00000000e7500000,0x00000000e7500000,0x00000000e8b80000)
 ParOldGen       total 108544K, used 39304K [0x0000000081a00000, 0x0000000088400000, 0x00000000d5e00000)
  object space 108544K, 36% used [0x0000000081a00000,0x0000000084062340,0x0000000088400000)
 Metaspace       used 56149K, capacity 56734K, committed 57000K, reserved 1099776K
  class space    used 7310K, capacity 7468K, committed 7592K, reserved 1048576K
Event: 212.382 GC heap after
Heap after GC invocations=13 (full 2):
 PSYoungGen      total 308736K, used 17897K [0x00000000d5e00000, 0x00000000ec580000, 0x0000000100000000)
  eden space 285696K, 0% used [0x00000000d5e00000,0x00000000d5e00000,0x00000000e7500000)
  from space 23040K, 77% used [0x00000000e7500000,0x00000000e867a4c0,0x00000000e8b80000)
  to   space 24576K, 0% used [0x00000000ead80000,0x00000000ead80000,0x00000000ec580000)
 ParOldGen       total 108544K, used 39312K [0x0000000081a00000, 0x0000000088400000, 0x00000000d5e00000)
  object space 108544K, 36% used [0x0000000081a00000,0x0000000084064340,0x0000000088400000)
 Metaspace       used 56149K, capacity 56734K, committed 57000K, reserved 1099776K
  class space    used 7310K, capacity 7468K, committed 7592K, reserved 1048576K
}
Event: 213.791 GC heap before
{Heap before GC invocations=14 (full 2):
 PSYoungGen      total 308736K, used 66105K [0x00000000d5e00000, 0x00000000ec580000, 0x0000000100000000)
  eden space 285696K, 16% used [0x00000000d5e00000,0x00000000d8d142e8,0x00000000e7500000)
  from space 23040K, 77% used [0x00000000e7500000,0x00000000e867a4c0,0x00000000e8b80000)
  to   space 24576K, 0% used [0x00000000ead80000,0x00000000ead80000,0x00000000ec580000)
 ParOldGen       total 108544K, used 39312K [0x0000000081a00000, 0x0000000088400000, 0x00000000d5e00000)
  object space 108544K, 36% used [0x0000000081a00000,0x0000000084064340,0x0000000088400000)
 Metaspace       used 58301K, capacity 58942K, committed 59160K, reserved 1101824K
  class space    used 7581K, capacity 7756K, committed 7848K, reserved 1048576K
Event: 213.821 GC heap after
Heap after GC invocations=14 (full 2):
 PSYoungGen      total 339456K, used 24553K [0x00000000d5e00000, 0x00000000eff00000, 0x0000000100000000)
  eden space 314880K, 0% used [0x00000000d5e00000,0x00000000d5e00000,0x00000000e9180000)
  from space 24576K, 99% used [0x00000000ead80000,0x00000000ec57a628,0x00000000ec580000)
  to   space 28672K, 0% used [0x00000000e9180000,0x00000000e9180000,0x00000000ead80000)
 ParOldGen       total 108544K, used 42064K [0x0000000081a00000, 0x0000000088400000, 0x00000000d5e00000)
  object space 108544K, 38% used [0x0000000081a00000,0x0000000084314038,0x0000000088400000)
 Metaspace       used 58301K, capacity 58942K, committed 59160K, reserved 1101824K
  class space    used 7581K, capacity 7756K, committed 7848K, reserved 1048576K
}
Event: 213.821 GC heap before
{Heap before GC invocations=15 (full 3):
 PSYoungGen      total 339456K, used 24553K [0x00000000d5e00000, 0x00000000eff00000, 0x0000000100000000)
  eden space 314880K, 0% used [0x00000000d5e00000,0x00000000d5e00000,0x00000000e9180000)
  from space 24576K, 99% used [0x00000000ead80000,0x00000000ec57a628,0x00000000ec580000)
  to   space 28672K, 0% used [0x00000000e9180000,0x00000000e9180000,0x00000000ead80000)
 ParOldGen       total 108544K, used 42064K [0x0000000081a00000, 0x0000000088400000, 0x00000000d5e00000)
  object space 108544K, 38% used [0x0000000081a00000,0x0000000084314038,0x0000000088400000)
 Metaspace       used 58301K, capacity 58942K, committed 59160K, reserved 1101824K
  class space    used 7581K, capacity 7756K, committed 7848K, reserved 1048576K
Event: 214.054 GC heap after
Heap after GC invocations=15 (full 3):
 PSYoungGen      total 339456K, used 0K [0x00000000d5e00000, 0x00000000eff00000, 0x0000000100000000)
  eden space 314880K, 0% used [0x00000000d5e00000,0x00000000d5e00000,0x00000000e9180000)
  from space 24576K, 0% used [0x00000000ead80000,0x00000000ead80000,0x00000000ec580000)
  to   space 28672K, 0% used [0x00000000e9180000,0x00000000e9180000,0x00000000ead80000)
 ParOldGen       total 129024K, used 44267K [0x0000000081a00000, 0x0000000089800000, 0x00000000d5e00000)
  object space 129024K, 34% used [0x0000000081a00000,0x000000008453af10,0x0000000089800000)
 Metaspace       used 58301K, capacity 58942K, committed 59160K, reserved 1101824K
  class space    used 7581K, capacity 7756K, committed 7848K, reserved 1048576K
}

Deoptimization events (10 events):
Event: 216.511 Thread 0x000000001b6bb800 Uncommon trap: reason=unstable_if action=reinterpret pc=0x0000000003fd6338 method=sun.util.locale.BaseLocale.equals(Ljava/lang/Object;)Z @ 51
Event: 216.511 Thread 0x000000001b6bb800 Uncommon trap: reason=unstable_if action=reinterpret pc=0x0000000003fcfd24 method=sun.util.locale.BaseLocale.equals(Ljava/lang/Object;)Z @ 51
Event: 216.580 Thread 0x000000001b6ba000 Uncommon trap: reason=bimorphic action=maybe_recompile pc=0x000000000354647c method=java.util.AbstractList$Itr.next()Ljava/lang/Object; @ 14
Event: 216.580 Thread 0x000000001b6ba000 Uncommon trap: reason=bimorphic action=maybe_recompile pc=0x000000000354647c method=java.util.AbstractList$Itr.next()Ljava/lang/Object; @ 14
Event: 216.580 Thread 0x000000001b6ba000 Uncommon trap: reason=bimorphic action=maybe_recompile pc=0x000000000354647c method=java.util.AbstractList$Itr.next()Ljava/lang/Object; @ 14
Event: 216.798 Thread 0x0000000019ce2800 Uncommon trap: reason=unstable_if action=reinterpret pc=0x0000000003466d40 method=java.nio.Buffer.limit(I)Ljava/nio/Buffer; @ 33
Event: 217.085 Thread 0x0000000019ce3000 Uncommon trap: reason=class_check action=maybe_recompile pc=0x00000000037b6978 method=java.util.Collections$UnmodifiableCollection$1.<init>(Ljava/util/Collections$UnmodifiableCollection;)V @ 17
Event: 217.095 Thread 0x000000001b6b5000 Uncommon trap: reason=class_check action=maybe_recompile pc=0x00000000037b6978 method=java.util.Collections$UnmodifiableCollection$1.<init>(Ljava/util/Collections$UnmodifiableCollection;)V @ 17
Event: 218.206 Thread 0x000000001b6b5000 Uncommon trap: reason=class_check action=maybe_recompile pc=0x00000000037b6978 method=java.util.Collections$UnmodifiableCollection$1.<init>(Ljava/util/Collections$UnmodifiableCollection;)V @ 17
Event: 218.864 Thread 0x0000000019ce3000 Uncommon trap: reason=class_check action=maybe_recompile pc=0x00000000037b6978 method=java.util.Collections$UnmodifiableCollection$1.<init>(Ljava/util/Collections$UnmodifiableCollection;)V @ 17

Internal exceptions (10 events):
Event: 216.132 Thread 0x000000001b6bb800 Exception <a 'java/security/PrivilegedActionException'> (0x00000000d9c9c2f8) thrown at [C:\re\workspace\8-2-build-windows-amd64-cygwin\jdk8u151\9699\hotspot\src\share\vm\prims\jvm.cpp, line 1390]
Event: 216.132 Thread 0x000000001b6bb800 Exception <a 'java/security/PrivilegedActionException'> (0x00000000d9c9ce90) thrown at [C:\re\workspace\8-2-build-windows-amd64-cygwin\jdk8u151\9699\hotspot\src\share\vm\prims\jvm.cpp, line 1390]
Event: 216.133 Thread 0x000000001b6bb800 Exception <a 'java/security/PrivilegedActionException'> (0x00000000d9ca7448) thrown at [C:\re\workspace\8-2-build-windows-amd64-cygwin\jdk8u151\9699\hotspot\src\share\vm\prims\jvm.cpp, line 1390]
Event: 216.133 Thread 0x000000001b6bb800 Exception <a 'java/security/PrivilegedActionException'> (0x00000000d9ca7fe0) thrown at [C:\re\workspace\8-2-build-windows-amd64-cygwin\jdk8u151\9699\hotspot\src\share\vm\prims\jvm.cpp, line 1390]
Event: 216.164 Thread 0x000000001b6bb800 Exception <a 'java/security/PrivilegedActionException'> (0x00000000d9dc2a90) thrown at [C:\re\workspace\8-2-build-windows-amd64-cygwin\jdk8u151\9699\hotspot\src\share\vm\prims\jvm.cpp, line 1390]
Event: 216.164 Thread 0x000000001b6bb800 Exception <a 'java/security/PrivilegedActionException'> (0x00000000d9dc3628) thrown at [C:\re\workspace\8-2-build-windows-amd64-cygwin\jdk8u151\9699\hotspot\src\share\vm\prims\jvm.cpp, line 1390]
Event: 216.165 Thread 0x000000001b6bb800 Exception <a 'java/security/PrivilegedActionException'> (0x00000000d9dd2f78) thrown at [C:\re\workspace\8-2-build-windows-amd64-cygwin\jdk8u151\9699\hotspot\src\share\vm\prims\jvm.cpp, line 1390]
Event: 216.165 Thread 0x000000001b6bb800 Exception <a 'java/security/PrivilegedActionException'> (0x00000000d9dd3b10) thrown at [C:\re\workspace\8-2-build-windows-amd64-cygwin\jdk8u151\9699\hotspot\src\share\vm\prims\jvm.cpp, line 1390]
Event: 217.737 Thread 0x000000001b6ba000 Exception <a 'java/io/FileNotFoundException'> (0x00000000db584010) thrown at [C:\re\workspace\8-2-build-windows-amd64-cygwin\jdk8u151\9699\hotspot\src\share\vm\prims\jni.cpp, line 709]
Event: 217.737 Thread 0x000000001b6ba000 Exception <a 'java/io/FileNotFoundException'> (0x00000000db584e90) thrown at [C:\re\workspace\8-2-build-windows-amd64-cygwin\jdk8u151\9699\hotspot\src\share\vm\prims\jni.cpp, line 709]

Events (10 events):
Event: 12391.130 Thread 0x000000001838b800 flushing nmethod 0x0000000003fd6150
Event: 12391.130 Thread 0x000000001838b800 flushing nmethod 0x0000000003fd7090
Event: 12391.130 Thread 0x000000001838b800 flushing nmethod 0x0000000003fd7dd0
Event: 12391.130 Thread 0x000000001838b800 flushing nmethod 0x0000000003fd9d90
Event: 12391.130 Thread 0x000000001838b800 flushing nmethod 0x0000000003fdc650
Event: 12391.130 Thread 0x000000001838b800 flushing nmethod 0x0000000003fe3b10
Event: 12391.130 Thread 0x000000001838b800 flushing nmethod 0x0000000003fea410
Event: 12391.130 Thread 0x000000001838b800 flushing nmethod 0x0000000003fec9d0
Event: 15158.003 Thread 0x0000000019ce4800 DEOPT PACKING pc=0x00000000040667cb sp=0x000000001fa2f050
Event: 15158.004 Thread 0x0000000019ce4800 DEOPT UNPACKING pc=0x00000000029f747f sp=0x000000001fa2ed68 mode 0


Dynamic libraries:
0x00007ff653220000 - 0x00007ff653257000 	C:\Program Files\Java\jre1.8.0_151\bin\javaw.exe
0x00007ff8e95a0000 - 0x00007ff8e978d000 	C:\WINDOWS\SYSTEM32\ntdll.dll
0x00007ff8e78c0000 - 0x00007ff8e7973000 	C:\WINDOWS\System32\KERNEL32.DLL
0x00007ff8e61e0000 - 0x00007ff8e6473000 	C:\WINDOWS\System32\KERNELBASE.dll
0x00007ff8e94a0000 - 0x00007ff8e9543000 	C:\WINDOWS\System32\ADVAPI32.dll
0x00007ff8e90d0000 - 0x00007ff8e916e000 	C:\WINDOWS\System32\msvcrt.dll
0x00007ff8e93e0000 - 0x00007ff8e947e000 	C:\WINDOWS\System32\sechost.dll
0x00007ff8e8f90000 - 0x00007ff8e90b2000 	C:\WINDOWS\System32\RPCRT4.dll
0x00007ff8e6a10000 - 0x00007ff8e6ba7000 	C:\WINDOWS\System32\USER32.dll
0x00007ff8e5a70000 - 0x00007ff8e5a90000 	C:\WINDOWS\System32\win32u.dll
0x00007ff8e67d0000 - 0x00007ff8e67f9000 	C:\WINDOWS\System32\GDI32.dll
0x00007ff8e6480000 - 0x00007ff8e661a000 	C:\WINDOWS\System32\gdi32full.dll
0x00007ff8e6730000 - 0x00007ff8e67d0000 	C:\WINDOWS\System32\msvcp_win.dll
0x00007ff8e5940000 - 0x00007ff8e5a3a000 	C:\WINDOWS\System32\ucrtbase.dll
0x00007ff8d24c0000 - 0x00007ff8d2739000 	C:\WINDOWS\WinSxS\amd64_microsoft.windows.common-controls_6595b64144ccf1df_6.0.17763.379_none_05b83be8071c94a1\COMCTL32.dll
0x00007ff8e7280000 - 0x00007ff8e75ad000 	C:\WINDOWS\System32\combase.dll
0x00007ff8e56c0000 - 0x00007ff8e573e000 	C:\WINDOWS\System32\bcryptPrimitives.dll
0x00007ff8e9170000 - 0x00007ff8e919e000 	C:\WINDOWS\System32\IMM32.DLL
0x0000000074510000 - 0x00000000745e2000 	C:\Program Files\Java\jre1.8.0_151\bin\msvcr100.dll
0x0000000075360000 - 0x0000000075bfd000 	C:\Program Files\Java\jre1.8.0_151\bin\server\jvm.dll
0x00007ff8e9480000 - 0x00007ff8e9488000 	C:\WINDOWS\System32\PSAPI.DLL
0x00007ff8ced70000 - 0x00007ff8ced79000 	C:\WINDOWS\SYSTEM32\WSOCK32.dll
0x00007ff8e8f20000 - 0x00007ff8e8f8d000 	C:\WINDOWS\System32\WS2_32.dll
0x00007ff8e3660000 - 0x00007ff8e3684000 	C:\WINDOWS\SYSTEM32\WINMM.dll
0x00007ff8da680000 - 0x00007ff8da68a000 	C:\WINDOWS\SYSTEM32\VERSION.dll
0x00007ff8e3630000 - 0x00007ff8e365d000 	C:\WINDOWS\SYSTEM32\WINMMBASE.dll
0x00007ff8e5670000 - 0x00007ff8e56ba000 	C:\WINDOWS\System32\cfgmgr32.dll
0x0000000075270000 - 0x000000007527f000 	C:\Program Files\Java\jre1.8.0_151\bin\verify.dll
0x0000000075240000 - 0x0000000075269000 	C:\Program Files\Java\jre1.8.0_151\bin\java.dll
0x0000000075220000 - 0x0000000075236000 	C:\Program Files\Java\jre1.8.0_151\bin\zip.dll
0x00007ff8e7a30000 - 0x00007ff8e8f20000 	C:\WINDOWS\System32\SHELL32.dll
0x00007ff8e75b0000 - 0x00007ff8e7658000 	C:\WINDOWS\System32\shcore.dll
0x00007ff8e5a90000 - 0x00007ff8e61da000 	C:\WINDOWS\System32\windows.storage.dll
0x00007ff8e5620000 - 0x00007ff8e5644000 	C:\WINDOWS\System32\profapi.dll
0x00007ff8e55c0000 - 0x00007ff8e561d000 	C:\WINDOWS\System32\powrprof.dll
0x00007ff8e6da0000 - 0x00007ff8e6df2000 	C:\WINDOWS\System32\shlwapi.dll
0x00007ff8e55a0000 - 0x00007ff8e55b1000 	C:\WINDOWS\System32\kernel.appcore.dll
0x00007ff8e5740000 - 0x00007ff8e5757000 	C:\WINDOWS\System32\cryptsp.dll
0x0000000075c20000 - 0x0000000075c2d000 	C:\Program Files\Java\jre1.8.0_151\bin\management.dll
0x0000000075200000 - 0x000000007521a000 	C:\Program Files\Java\jre1.8.0_151\bin\net.dll
0x00007ff8e4e20000 - 0x00007ff8e4e87000 	C:\WINDOWS\system32\mswsock.dll
0x00000000751e0000 - 0x00000000751f1000 	C:\Program Files\Java\jre1.8.0_151\bin\nio.dll
0x00007ff8bbb20000 - 0x00007ff8bbb36000 	C:\WINDOWS\system32\napinsp.dll
0x00007ff8bbb00000 - 0x00007ff8bbb1a000 	C:\WINDOWS\system32\pnrpnsp.dll
0x00007ff8e4bd0000 - 0x00007ff8e4c96000 	C:\WINDOWS\SYSTEM32\DNSAPI.dll
0x00007ff8e9490000 - 0x00007ff8e9498000 	C:\WINDOWS\System32\NSI.dll
0x00007ff8e4b80000 - 0x00007ff8e4bbd000 	C:\WINDOWS\SYSTEM32\IPHLPAPI.DLL
0x00007ff8bba90000 - 0x00007ff8bba9e000 	C:\WINDOWS\System32\winrnr.dll
0x00007ff8e1e60000 - 0x00007ff8e1e7b000 	C:\WINDOWS\system32\NLAapi.dll
0x00007ff8ced00000 - 0x00007ff8ced15000 	C:\WINDOWS\system32\wshbth.dll
0x00007ff8dc990000 - 0x00007ff8dc99a000 	C:\Windows\System32\rasadhlp.dll
0x00007ff8dcaa0000 - 0x00007ff8dcb19000 	C:\WINDOWS\System32\fwpuclnt.dll
0x00007ff8e5a40000 - 0x00007ff8e5a66000 	C:\WINDOWS\System32\bcrypt.dll
0x00007ff8e49e0000 - 0x00007ff8e4a13000 	C:\WINDOWS\system32\rsaenh.dll
0x00007ff8e54a0000 - 0x00007ff8e54c8000 	C:\WINDOWS\SYSTEM32\USERENV.dll
0x00007ff8e4ff0000 - 0x00007ff8e4ffc000 	C:\WINDOWS\SYSTEM32\CRYPTBASE.dll
0x00007ff8dd100000 - 0x00007ff8dd116000 	C:\WINDOWS\SYSTEM32\dhcpcsvc6.DLL
0x00007ff8dd0e0000 - 0x00007ff8dd0fc000 	C:\WINDOWS\SYSTEM32\dhcpcsvc.DLL
0x0000000075f70000 - 0x0000000075f94000 	C:\Program Files\Java\jre1.8.0_151\bin\sunec.dll

VM Arguments:
jvm_args: -Dcom.sun.management.jmxremote -Dcom.sun.management.jmxremote.port=61521 -Dcom.sun.management.jmxremote.authenticate=false -Dcom.sun.management.jmxremote.ssl=false -Dspring.liveBeansView.mbeanDomain -Dspring.application.admin.enabled=true -Dfile.encoding=UTF-8 
java_command: com.amazon.hp.AmazonHpApplication --spring.output.ansi.enabled=always
java_class_path (initial): C:\dev\workspace_git\amazon_hp\target\classes;C:\Users\USER\.m2\repository\org\springframework\boot\spring-boot-starter-data-jpa\1.3.4.RELEASE\spring-boot-starter-data-jpa-1.3.4.RELEASE.jar;C:\Users\USER\.m2\repository\org\springframework\boot\spring-boot-starter\1.3.4.RELEASE\spring-boot-starter-1.3.4.RELEASE.jar;C:\Users\USER\.m2\repository\org\springframework\boot\spring-boot\1.3.4.RELEASE\spring-boot-1.3.4.RELEASE.jar;C:\Users\USER\.m2\repository\org\springframework\boot\spring-boot-autoconfigure\1.3.4.RELEASE\spring-boot-autoconfigure-1.3.4.RELEASE.jar;C:\Users\USER\.m2\repository\org\springframework\boot\spring-boot-starter-logging\1.3.4.RELEASE\spring-boot-starter-logging-1.3.4.RELEASE.jar;C:\Users\USER\.m2\repository\ch\qos\logback\logback-classic\1.1.7\logback-classic-1.1.7.jar;C:\Users\USER\.m2\repository\ch\qos\logback\logback-core\1.1.7\logback-core-1.1.7.jar;C:\Users\USER\.m2\repository\org\yaml\snakeyaml\1.16\snakeyaml-1.16.jar;C:\Users\USER\.m2\repository\org\springframework\boot\spring-boot-starter-aop\1.3.4.RELEASE\spring-boot-starter-aop-1.3.4.RELEASE.jar;C:\Users\USER\.m2\repository\org\aspectj\aspectjweaver\1.8.9\aspectjweaver-1.8.9.jar;C:\Users\USER\.m2\repository\javax\transaction\javax.transaction-api\1.2\javax.transaction-api-1.2.jar;C:\Users\USER\.m2\repository\org\springframework\data\spring-data-jpa\1.9.4.RELEASE\spring-data-jpa-1.9.4.RELEASE.jar;C:\Users\USER\.m2\repository\org\springframework\data\spring-data-commons\1.11.4.RELEASE\spring-data-commons-1.11.4.RELEASE.jar;C:\Users\USER\.m2\repository\org\springframework\spring-orm\4.2.6.RELEASE\spring-orm-4.2.6.RELEASE.jar;C:\Users\USER\.m2\repository\org\springframework\spring-tx\4.2.6.RELEASE\spring-tx-4.2.6.RELEASE.jar;C:\Users\USER\.m2\repository\org\slf4j\slf4j-api\1.7.21\slf4j-api-1.7.21.jar;C:\Users\USER\.m2\repository\org\slf4j\jcl-over-slf4j\1.7.21\jcl-over-slf4j-1.7.21.jar;C:\Users\USER\.m2\repository\org\springframework\spring-aspects\4.2.6.RELEASE\s
Launcher Type: SUN_STANDARD

Environment Variables:
JAVA_HOME=C:\Program Files\Java\jdk1.8.0_151
CLASSPATH=C:\Program Files\Java\jdk1.8.0_151\lib
PATH=C:/Program Files/Java/jre1.8.0_151/bin/server;C:/Program Files/Java/jre1.8.0_151/bin;C:/Program Files/Java/jre1.8.0_151/lib/amd64;C:\ProgramData\Oracle\Java\javapath;C:\Program Files (x86)\Intel\iCLS Client\;C:\Program Files\Intel\iCLS Client\;C:\WINDOWS\system32;C:\WINDOWS;C:\WINDOWS\System32\Wbem;C:\WINDOWS\System32\WindowsPowerShell\v1.0\;C:\Program Files (x86)\Intel\Intel(R) Management Engine Components\DAL;C:\Program Files\Intel\Intel(R) Management Engine Components\DAL;C:\Program Files (x86)\Intel\Intel(R) Management Engine Components\IPT;C:\Program Files\Intel\Intel(R) Management Engine Components\IPT;C:\Program Files\Java\jdk1.8.0_151\bin;C:\Program Files\PuTTY\;C:\WINDOWS\System32\OpenSSH\;C:\Program Files\TortoiseSVN\bin;C:\Program Files\VisualSVN Server\bin;C:\Program Files\Git\cmd;C:\Program Files\Git\mingw64\bin;C:\Program Files\Git\usr\bin;C:\oracle\instantclient_12_2;C:\Users\USER\AppData\Local\Programs\Python\Python37\Scripts\;C:\Users\USER\AppData\Local\Programs\Python\Python37\;C:\Users\USER\AppData\Local\Microsoft\WindowsApps;C:\Program Files\Bandizip\;;C:\dev\spring-tool-suite-3.8.3\sts-bundle\sts-3.8.3.RELEASE;
USERNAME=USER
OS=Windows_NT
PROCESSOR_IDENTIFIER=Intel64 Family 6 Model 94 Stepping 3, GenuineIntel



---------------  S Y S T E M  ---------------

OS: Windows 10.0 , 64 bit Build 17763 (10.0.17763.379)

CPU:total 2 (initial active 2) (2 cores per cpu, 1 threads per core) family 6 model 94 stepping 3, cmov, cx8, fxsr, mmx, sse, sse2, sse3, ssse3, sse4.1, sse4.2, popcnt, aes, clmul, erms, 3dnowpref, lzcnt, tsc, tscinvbit

Memory: 4k page, physical 8278420k(2378492k free), swap 33444244k(5220k free)

vm_info: Java HotSpot(TM) 64-Bit Server VM (25.151-b12) for windows-amd64 JRE (1.8.0_151-b12), built on Sep  5 2017 19:33:46 by "java_re" with MS VC++ 10.0 (VS2010)

time: Fri Apr 05 04:32:09 2019
elapsed time: 40358 seconds (0d 11h 12m 38s)

